<?xml version="1.0" encoding="UTF-8" ?>
<testsuite tests="3" failures="0" name="com.myproject.productrecommendor.tests.TestSearchService" time="0.937" errors="0" skipped="0">
  <properties>
[...]
</properties>
  <testcase classname="com.myproject.productrecommendor.tests.TestSearchService" name="searchAPIConnectionTest1" time="0.173"/>
  <testcase classname="com.myproject.productrecommendor.tests.TestSearchService" name="productSearchServiceTest" time="0.211"/>
  <testcase classname="com.myproject.productrecommendor.tests.TestSearchService" name="searchAPIConnectionTest" time="0.553"/>
</testsuite>